Unity Editor version:    2022.3.6f1 (b9e6e7e9fa2d)
Branch:                  2022.3/staging
Build type:              Release
Batch mode:              YES
macOS version:           Version 14.1 (Build 23B74)
Darwin version:          23.1.0
Architecture:            arm64
Running under Rosetta:   NO
Available memory:        8192 MB
Using pre-set license
Pro License: YES

COMMAND LINE ARGUMENTS:
/Applications/Unity/Hub/Editor/2022.3.6f1/Unity.app/Contents/MacOS/Unity
-adb2
-batchMode
-noUpm
-name
AssetImportWorker0
-projectPath
/Users/leemir/Desktop/Unity(2024)/Unity_practice2/StrangeFarm
-logFile
Logs/AssetImportWorker0.log
-srvPort
52010
Successfully changed project path to: /Users/leemir/Desktop/Unity(2024)/Unity_practice2/StrangeFarm
/Users/leemir/Desktop/Unity(2024)/Unity_practice2/StrangeFarm
[UnityMemory] Configuration Parameters - Can be set up in boot.config
    "memorysetup-bucket-allocator-granularity=16"
    "memorysetup-bucket-allocator-bucket-count=8"
    "memorysetup-bucket-allocator-block-size=33554432"
    "memorysetup-bucket-allocator-block-count=8"
    "memorysetup-main-allocator-block-size=16777216"
    "memorysetup-thread-allocator-block-size=16777216"
    "memorysetup-gfx-main-allocator-block-size=16777216"
    "memorysetup-gfx-thread-allocator-block-size=16777216"
    "memorysetup-cache-allocator-block-size=4194304"
    "memorysetup-typetree-allocator-block-size=2097152"
    "memorysetup-profiler-bucket-allocator-granularity=16"
    "memorysetup-profiler-bucket-allocator-bucket-count=8"
    "memorysetup-profiler-bucket-allocator-block-size=33554432"
    "memorysetup-profiler-bucket-allocator-block-count=8"
    "memorysetup-profiler-allocator-block-size=16777216"
    "memorysetup-profiler-editor-allocator-block-size=1048576"
    "memorysetup-temp-allocator-size-main=16777216"
    "memorysetup-job-temp-allocator-block-size=2097152"
    "memorysetup-job-temp-allocator-block-size-background=1048576"
    "memorysetup-job-temp-allocator-reduction-small-platforms=262144"
    "memorysetup-allocator-temp-initial-block-size-main=262144"
    "memorysetup-allocator-temp-initial-block-size-worker=262144"
    "memorysetup-temp-allocator-size-background-worker=32768"
    "memorysetup-temp-allocator-size-job-worker=262144"
    "memorysetup-temp-allocator-size-preload-manager=33554432"
    "memorysetup-temp-allocator-size-nav-mesh-worker=65536"
    "memorysetup-temp-allocator-size-audio-worker=65536"
    "memorysetup-temp-allocator-size-cloud-worker=32768"
    "memorysetup-temp-allocator-size-gi-baking-worker=262144"
    "memorysetup-temp-allocator-size-gfx=262144"
Player connection [8094211776] Host "[IP] 172.30.1.16 [Port] 0 [Flags] 2 [Guid] 4017536413 [EditorId] 4017536413 [Version] 1048832 [Id] OSXEditor(0,mac.local) [Debug] 1 [PackageName] OSXEditor [ProjectName] Editor" joined multi-casting on [225.0.0.222:54997]...

Player connection [8094211776] Host "[IP] 172.30.1.16 [Port] 0 [Flags] 2 [Guid] 4017536413 [EditorId] 4017536413 [Version] 1048832 [Id] OSXEditor(0,mac.local) [Debug] 1 [PackageName] OSXEditor [ProjectName] Editor" joined alternative multi-casting on [225.0.0.222:34997]...

Refreshing native plugins compatible for Editor in 25.61 ms, found 2 plugins.
Preloading 0 native plugins for Editor in 0.00 ms.
Initialize engine version: 2022.3.6f1 (b9e6e7e9fa2d)
[Subsystems] Discovering subsystems at path /Applications/Unity/Hub/Editor/2022.3.6f1/Unity.app/Contents/Resources/UnitySubsystems
[Subsystems] Discovering subsystems at path /Users/leemir/Desktop/Unity(2024)/Unity_practice2/StrangeFarm/Assets
GfxDevice: creating device client; threaded=0; jobified=0
 preferred device: Apple M1 (high power)
Metal devices available: 1
0: Apple M1 (high power)
Using device Apple M1 (high power)
Initializing Metal device caps: Apple M1
Initialize mono
Mono path[0] = '/Applications/Unity/Hub/Editor/2022.3.6f1/Unity.app/Contents/Managed'
Mono path[1] = '/Applications/Unity/Hub/Editor/2022.3.6f1/Unity.app/Contents/MonoBleedingEdge/lib/mono/unityjit-macos'
Mono config path = '/Applications/Unity/Hub/Editor/2022.3.6f1/Unity.app/Contents/MonoBleedingEdge/etc'
Using monoOptions --debugger-agent=transport=dt_socket,embedding=1,server=y,suspend=n,address=127.0.0.1:56455
Begin MonoManager ReloadAssembly
Registering precompiled unity dll's ...
Register platform support module: /Applications/Unity/Hub/Editor/2022.3.6f1/Unity.app/Contents/PlaybackEngines/MacStandaloneSupport/UnityEditor.OSXStandalone.Extensions.dll
Register platform support module: /Applications/Unity/Hub/Editor/2022.3.6f1/PlaybackEngines/AndroidPlayer/UnityEditor.Android.Extensions.dll
Register platform support module: /Applications/Unity/Hub/Editor/2022.3.6f1/PlaybackEngines/iOSSupport/UnityEditor.iOS.Extensions.dll
Registered in 0.005856 seconds.
- Loaded All Assemblies, in  0.412 seconds
[usbmuxd] Start listen thread
[usbmuxd] Listen thread started
[usbmuxd] Send listen message
Native extension for iOS target not found
[usbmuxd] Attached: 3 00008030-0015702022EA802E
Native extension for Android target not found
Android Extension - Scanning For ADB Devices 306 ms
Native extension for OSXStandalone target not found
Mono: successfully reloaded assembly
- Finished resetting the current domain, in  0.706 seconds
Domain Reload Profiling: 1119ms
	BeginReloadAssembly (125ms)
		ExecutionOrderSort (0ms)
		DisableScriptedObjects (0ms)
		BackupInstance (0ms)
		ReleaseScriptingObjects (0ms)
		CreateAndSetChildDomain (1ms)
	RebuildCommonClasses (40ms)
	RebuildNativeTypeToScriptingClass (14ms)
	initialDomainReloadingComplete (59ms)
	LoadAllAssembliesAndSetupDomain (174ms)
		LoadAssemblies (126ms)
		RebuildTransferFunctionScriptingTraits (0ms)
		AnalyzeDomain (169ms)
			TypeCache.Refresh (168ms)
				TypeCache.ScanAssembly (154ms)
			ScanForSourceGeneratedMonoScriptInfo (0ms)
			ResolveRequiredComponents (0ms)
	FinalizeReload (706ms)
		ReleaseScriptCaches (0ms)
		RebuildScriptCaches (0ms)
		SetupLoadedEditorAssemblies (644ms)
			LogAssemblyErrors (0ms)
			InitializePlatformSupportModulesInManaged (522ms)
			SetLoadedEditorAssemblies (4ms)
			RefreshPlugins (0ms)
			BeforeProcessingInitializeOnLoad (2ms)
			ProcessInitializeOnLoadAttributes (77ms)
			ProcessInitializeOnLoadMethodAttributes (39ms)
			AfterProcessingInitializeOnLoad (0ms)
			EditorAssembliesLoaded (0ms)
		ExecutionOrderSort2 (0ms)
		AwakeInstancesAfterBackupRestoration (0ms)
========================================================================
Worker process is ready to serve import requests
Begin MonoManager ReloadAssembly
Symbol file LoadedFromMemory doesn't match image /Users/leemir/Desktop/Unity(2024)/Unity_practice2/StrangeFarm/Library/PackageCache/com.unity.visualscripting@1.8.0/Editor/VisualScripting.Core/Dependencies/YamlDotNet/Unity.VisualScripting.YamlDotNet.dll
Symbol file LoadedFromMemory doesn't match image /Users/leemir/Desktop/Unity(2024)/Unity_practice2/StrangeFarm/Library/PackageCache/com.unity.visualscripting@1.8.0/Editor/VisualScripting.Core/Dependencies/DotNetZip/Unity.VisualScripting.IonicZip.dll
- Loaded All Assemblies, in  0.805 seconds
Refreshing native plugins compatible for Editor in 0.90 ms, found 2 plugins.
Native extension for iOS target not found
Native extension for Android target not found
Native extension for OSXStandalone target not found
Mono: successfully reloaded assembly
- Finished resetting the current domain, in  0.633 seconds
Domain Reload Profiling: 1438ms
	BeginReloadAssembly (109ms)
		ExecutionOrderSort (0ms)
		DisableScriptedObjects (4ms)
		BackupInstance (0ms)
		ReleaseScriptingObjects (0ms)
		CreateAndSetChildDomain (27ms)
	RebuildCommonClasses (35ms)
	RebuildNativeTypeToScriptingClass (12ms)
	initialDomainReloadingComplete (34ms)
	LoadAllAssembliesAndSetupDomain (615ms)
		LoadAssemblies (299ms)
		RebuildTransferFunctionScriptingTraits (0ms)
		AnalyzeDomain (361ms)
			TypeCache.Refresh (348ms)
				TypeCache.ScanAssembly (332ms)
			ScanForSourceGeneratedMonoScriptInfo (10ms)
			ResolveRequiredComponents (4ms)
	FinalizeReload (634ms)
		ReleaseScriptCaches (0ms)
		RebuildScriptCaches (0ms)
		SetupLoadedEditorAssemblies (494ms)
			LogAssemblyErrors (0ms)
			InitializePlatformSupportModulesInManaged (32ms)
			SetLoadedEditorAssemblies (3ms)
			RefreshPlugins (0ms)
			BeforeProcessingInitializeOnLoad (44ms)
			ProcessInitializeOnLoadAttributes (399ms)
			ProcessInitializeOnLoadMethodAttributes (15ms)
			AfterProcessingInitializeOnLoad (1ms)
			EditorAssembliesLoaded (0ms)
		ExecutionOrderSort2 (0ms)
		AwakeInstancesAfterBackupRestoration (3ms)
Launching external process: /Applications/Unity/Hub/Editor/2022.3.6f1/Unity.app/Contents/Tools/UnityShaderCompiler
Launched and connected shader compiler UnityShaderCompiler after 0.27 seconds
Refreshing native plugins compatible for Editor in 1.04 ms, found 2 plugins.
Preloading 0 native plugins for Editor in 0.00 ms.
Unloading 3067 Unused Serialized files (Serialized files now loaded: 0)
Unloading 31 unused Assets / (50.9 KB). Loaded Objects now: 3532.
Memory consumption went from 128.2 MB to 128.2 MB.
Total: 4.041708 ms (FindLiveObjects: 0.149792 ms CreateObjectMapping: 0.055583 ms MarkObjects: 3.714208 ms  DeleteObjects: 0.120958 ms)

AssetImportParameters requested are different than current active one (requested -> active):
  custom:container-demuxer-ogg: 62fdf1f143b41e24485cea50d1cbac27 -> 
  custom:video-decoder-ogg-theora: a1e56fd34408186e4bbccfd4996cb3dc -> 
  custom:CustomObjectIndexerAttribute: 756ad292c208cfabdd7b50bc23989ffe -> 
  custom:container-demuxer-webm: 4f35f7cbe854078d1ac9338744f61a02 -> 
  custom:container-muxer-webm: aa71ff27fc2769a1b78a27578f13a17b -> 
  custom:video-decoder-webm-vp8: 9c59270c3fd7afecdb556c50c9e8de78 -> 
  custom:SearchIndexIgnoredProperties: e643bd26f0fe6173181afceb89e7c659 -> 
  custom:AudioImporter_EditorPlatform: 3918e3fc78b5a79bad01e8451be0beb8 -> 
  custom:framework-osx-AVFoundation: e770b220cccbd017edd2c1fefb359320 -> 
  custom:video-encoder-webm-vp8: eb34c28f22e8b96e1ab97ce403110664 -> 
  custom:audio-decoder-ogg-vorbis: bf7c407c2cedff20999df2af8eb42d56 -> 
  custom:audio-encoder-webm-vorbis: bf7c407c2cedff20999df2af8eb42d56 -> 
========================================================================
Received Import Request.
  Time since last request: 355391.536902 seconds.
  path: Assets/Scripts
  artifactKey: Guid(6506536a268de436ca873ce6e3565e00) Importer(815301076,1909f56bfc062723c751e8b465ee728b)
Start importing Assets/Scripts using Guid(6506536a268de436ca873ce6e3565e00) Importer(815301076,1909f56bfc062723c751e8b465ee728b)  -> (artifact id: '7d9a4af46a18229084cd5ba14435b2a6') in 0.004304 seconds
Number of updated asset objects reloaded before import = 0
Number of asset objects unloaded after import = 0
========================================================================
Received Import Request.
  Time since last request: 0.839344 seconds.
  path: Assets/Sprites
  artifactKey: Guid(32c7a84c1c815483089b3b5468317c8b) Importer(815301076,1909f56bfc062723c751e8b465ee728b)
Start importing Assets/Sprites using Guid(32c7a84c1c815483089b3b5468317c8b) Importer(815301076,1909f56bfc062723c751e8b465ee728b)  -> (artifact id: '4b81d6544ba0e0745a6d494e0d260a44') in 0.000425 seconds
Number of updated asset objects reloaded before import = 0
Number of asset objects unloaded after import = 0
========================================================================
Received Import Request.
  Time since last request: 46.457632 seconds.
  path: Assets/Sprites/animalcard.png
  artifactKey: Guid(5f83db5f80de34aed966c66c7d2b8af8) Importer(815301076,1909f56bfc062723c751e8b465ee728b)
Start importing Assets/Sprites/animalcard.png using Guid(5f83db5f80de34aed966c66c7d2b8af8) Importer(815301076,1909f56bfc062723c751e8b465ee728b)  -> (artifact id: 'cc8d4024475c49e2226ec5b036372fad') in 0.181623 seconds
Number of updated asset objects reloaded before import = 0
Number of asset objects unloaded after import = 2
========================================================================
Received Import Request.
  Time since last request: 1.829545 seconds.
  path: Assets/Sprites/back.png
  artifactKey: Guid(51c43ab1b6be041f7a1769aa57aeaa86) Importer(815301076,1909f56bfc062723c751e8b465ee728b)
Start importing Assets/Sprites/back.png using Guid(51c43ab1b6be041f7a1769aa57aeaa86) Importer(815301076,1909f56bfc062723c751e8b465ee728b)  -> (artifact id: '163cd3a3315f7e6064fd6292aa88140a') in 0.011655 seconds
Number of updated asset objects reloaded before import = 0
Number of asset objects unloaded after import = 2
========================================================================
Received Import Request.
  Time since last request: 0.461258 seconds.
  path: Assets/Sprites/background.png
  artifactKey: Guid(d78cda774b24d4264a3b0fd61614427c) Importer(815301076,1909f56bfc062723c751e8b465ee728b)
Start importing Assets/Sprites/background.png using Guid(d78cda774b24d4264a3b0fd61614427c) Importer(815301076,1909f56bfc062723c751e8b465ee728b)  -> (artifact id: 'a914716798d6e5de3150be5205462acc') in 0.007203 seconds
Number of updated asset objects reloaded before import = 0
Number of asset objects unloaded after import = 2
========================================================================
Received Import Request.
  Time since last request: 9.365863 seconds.
  path: Assets/Scenes
  artifactKey: Guid(155ef7f57bf4d4aec9f7bde0a820f2fd) Importer(815301076,1909f56bfc062723c751e8b465ee728b)
Start importing Assets/Scenes using Guid(155ef7f57bf4d4aec9f7bde0a820f2fd) Importer(815301076,1909f56bfc062723c751e8b465ee728b)  -> (artifact id: '8e3fa745142dd1f1bffc54fb38459d8c') in 0.006713 seconds
Number of updated asset objects reloaded before import = 0
Number of asset objects unloaded after import = 0
========================================================================
Received Import Request.
  Time since last request: 0.600621 seconds.
  path: Assets/Scenes/SampleScene.unity
  artifactKey: Guid(9fc0d4010bbf28b4594072e72b8655ab) Importer(815301076,1909f56bfc062723c751e8b465ee728b)
Start importing Assets/Scenes/SampleScene.unity using Guid(9fc0d4010bbf28b4594072e72b8655ab) Importer(815301076,1909f56bfc062723c751e8b465ee728b)  -> (artifact id: 'a85bec50c8be757587fedfaade313866') in 0.000460 seconds
Number of updated asset objects reloaded before import = 0
Number of asset objects unloaded after import = 0
========================================================================
Received Import Request.
  Time since last request: 6.322330 seconds.
  path: Assets/Scenes/StartScene.unity
  artifactKey: Guid(9fc0d4010bbf28b4594072e72b8655ab) Importer(815301076,1909f56bfc062723c751e8b465ee728b)
Start importing Assets/Scenes/StartScene.unity using Guid(9fc0d4010bbf28b4594072e72b8655ab) Importer(815301076,1909f56bfc062723c751e8b465ee728b)  -> (artifact id: '7c78e05dfd3309f1efaf36b93842a159') in 0.000314 seconds
Number of updated asset objects reloaded before import = 0
Number of asset objects unloaded after import = 0
========================================================================
Received Import Request.
  Time since last request: 21.927000 seconds.
  path: Assets/Sprites/background.png
  artifactKey: Guid(d78cda774b24d4264a3b0fd61614427c) Importer(815301076,1909f56bfc062723c751e8b465ee728b)
Start importing Assets/Sprites/background.png using Guid(d78cda774b24d4264a3b0fd61614427c) Importer(815301076,1909f56bfc062723c751e8b465ee728b)  -> (artifact id: 'b4af8957f78397c7ce8bb8648160acaf') in 0.075516 seconds
Number of updated asset objects reloaded before import = 0
Number of asset objects unloaded after import = 3
========================================================================
Received Import Request.
  Time since last request: 51.972358 seconds.
  path: Assets
  artifactKey: Guid(00000000000000001000000000000000) Importer(815301076,1909f56bfc062723c751e8b465ee728b)
Start importing Assets using Guid(00000000000000001000000000000000) Importer(815301076,1909f56bfc062723c751e8b465ee728b)  -> (artifact id: '8a4fe85251aa2e89732c359432baa2c3') in 0.002167 seconds
Number of updated asset objects reloaded before import = 0
Number of asset objects unloaded after import = 0
========================================================================
Received Import Request.
  Time since last request: 13.563504 seconds.
  path: Assets/Cracker Winter.ttf
  artifactKey: Guid(32159d4442edd466a85e9b985e3b7b08) Importer(815301076,1909f56bfc062723c751e8b465ee728b)
Start importing Assets/Cracker Winter.ttf using Guid(32159d4442edd466a85e9b985e3b7b08) Importer(815301076,1909f56bfc062723c751e8b465ee728b)  -> (artifact id: '38a1fc5410792d5975478fee4e048b77') in 0.093318 seconds
Number of updated asset objects reloaded before import = 0
Number of asset objects unloaded after import = 4
========================================================================
Received Import Request.
  Time since last request: 223.119512 seconds.
  path: Assets/Scenes/MainScene.unity
  artifactKey: Guid(07e264979a8074d61abfaef0c32a4461) Importer(815301076,1909f56bfc062723c751e8b465ee728b)
Start importing Assets/Scenes/MainScene.unity using Guid(07e264979a8074d61abfaef0c32a4461) Importer(815301076,1909f56bfc062723c751e8b465ee728b)  -> (artifact id: '627f4898868b0a1c5ee071b3ba8c70e3') in 0.002022 seconds
Number of updated asset objects reloaded before import = 0
Number of asset objects unloaded after import = 0
========================================================================
Received Import Request.
  Time since last request: 92.148577 seconds.
  path: Assets/Sprites/arrow.png
  artifactKey: Guid(f057e6df45474477da7879d6b4a54431) Importer(815301076,1909f56bfc062723c751e8b465ee728b)
Start importing Assets/Sprites/arrow.png using Guid(f057e6df45474477da7879d6b4a54431) Importer(815301076,1909f56bfc062723c751e8b465ee728b)  -> (artifact id: '4b8aa125ba119346c1b1dc16b5b09c5f') in 0.051632 seconds
Number of updated asset objects reloaded before import = 0
Number of asset objects unloaded after import = 2
========================================================================
Received Import Request.
  Time since last request: 0.787103 seconds.
  path: Assets/Sprites/shop.png
  artifactKey: Guid(72e3c8314a3c84faa9c566e93c370dbf) Importer(815301076,1909f56bfc062723c751e8b465ee728b)
Start importing Assets/Sprites/shop.png using Guid(72e3c8314a3c84faa9c566e93c370dbf) Importer(815301076,1909f56bfc062723c751e8b465ee728b)  -> (artifact id: '76127499868aa03c0512ed935572903f') in 0.009707 seconds
Number of updated asset objects reloaded before import = 0
Number of asset objects unloaded after import = 2
========================================================================
Received Import Request.
  Time since last request: 0.347562 seconds.
  path: Assets/Sprites/setting.png
  artifactKey: Guid(74afa3fc676d74047bb85bb9e0411fe3) Importer(815301076,1909f56bfc062723c751e8b465ee728b)
Start importing Assets/Sprites/setting.png using Guid(74afa3fc676d74047bb85bb9e0411fe3) Importer(815301076,1909f56bfc062723c751e8b465ee728b)  -> (artifact id: '1acdcc9838b98602d9c1d4f5f9b4f460') in 0.008460 seconds
Number of updated asset objects reloaded before import = 0
Number of asset objects unloaded after import = 2
========================================================================
Received Import Request.
  Time since last request: 32.684101 seconds.
  path: Assets/Sprites/sleep.png
  artifactKey: Guid(e2a3e4d3e14e646d5b1761ee31f19240) Importer(815301076,1909f56bfc062723c751e8b465ee728b)
Start importing Assets/Sprites/sleep.png using Guid(e2a3e4d3e14e646d5b1761ee31f19240) Importer(815301076,1909f56bfc062723c751e8b465ee728b)  -> (artifact id: 'e8595d7ea465bdb0970117cf65e9ad01') in 0.063447 seconds
Number of updated asset objects reloaded before import = 0
Number of asset objects unloaded after import = 2
========================================================================
Received Import Request.
  Time since last request: 128.957902 seconds.
  path: Assets/Sprites/arrow.png
  artifactKey: Guid(f057e6df45474477da7879d6b4a54431) Importer(815301076,1909f56bfc062723c751e8b465ee728b)
Start importing Assets/Sprites/arrow.png using Guid(f057e6df45474477da7879d6b4a54431) Importer(815301076,1909f56bfc062723c751e8b465ee728b)  -> (artifact id: '0f7d88e066e1d27abddd97a9e98f74ac') in 0.064254 seconds
Number of updated asset objects reloaded before import = 0
Number of asset objects unloaded after import = 3
========================================================================
Received Import Request.
  Time since last request: 60.353425 seconds.
  path: Assets/Sprites/bar.png
  artifactKey: Guid(6e22d5133775141f6a10d3d3fa5cde1a) Importer(815301076,1909f56bfc062723c751e8b465ee728b)
Start importing Assets/Sprites/bar.png using Guid(6e22d5133775141f6a10d3d3fa5cde1a) Importer(815301076,1909f56bfc062723c751e8b465ee728b)  -> (artifact id: 'b7a6a8aaa6b64cca396be734fb95385f') in 0.055099 seconds
Number of updated asset objects reloaded before import = 0
Number of asset objects unloaded after import = 2
========================================================================
Received Import Request.
  Time since last request: 9.845005 seconds.
  path: Assets/Sprites/bar.png
  artifactKey: Guid(6e22d5133775141f6a10d3d3fa5cde1a) Importer(815301076,1909f56bfc062723c751e8b465ee728b)
Start importing Assets/Sprites/bar.png using Guid(6e22d5133775141f6a10d3d3fa5cde1a) Importer(815301076,1909f56bfc062723c751e8b465ee728b)  -> (artifact id: '2f791113236b0e18a1c4c4c2e360be3d') in 0.015874 seconds
Number of updated asset objects reloaded before import = 0
Number of asset objects unloaded after import = 2
========================================================================
Received Prepare
Begin MonoManager ReloadAssembly
Thread 0x17edbf000 may have been prematurely finalized
Symbol file LoadedFromMemory doesn't match image /Users/leemir/Desktop/Unity(2024)/Unity_practice2/StrangeFarm/Library/PackageCache/com.unity.visualscripting@1.8.0/Editor/VisualScripting.Core/Dependencies/YamlDotNet/Unity.VisualScripting.YamlDotNet.dll
Symbol file LoadedFromMemory doesn't match image /Users/leemir/Desktop/Unity(2024)/Unity_practice2/StrangeFarm/Library/PackageCache/com.unity.visualscripting@1.8.0/Editor/VisualScripting.Core/Dependencies/DotNetZip/Unity.VisualScripting.IonicZip.dll
- Loaded All Assemblies, in  0.701 seconds
Refreshing native plugins compatible for Editor in 1.01 ms, found 2 plugins.
Native extension for iOS target not found
Native extension for Android target not found
Native extension for OSXStandalone target not found
Mono: successfully reloaded assembly
- Finished resetting the current domain, in  0.955 seconds
Domain Reload Profiling: 1657ms
	BeginReloadAssembly (172ms)
		ExecutionOrderSort (0ms)
		DisableScriptedObjects (4ms)
		BackupInstance (0ms)
		ReleaseScriptingObjects (0ms)
		CreateAndSetChildDomain (78ms)
	RebuildCommonClasses (34ms)
	RebuildNativeTypeToScriptingClass (13ms)
	initialDomainReloadingComplete (24ms)
	LoadAllAssembliesAndSetupDomain (458ms)
		LoadAssemblies (188ms)
		RebuildTransferFunctionScriptingTraits (0ms)
		AnalyzeDomain (316ms)
			TypeCache.Refresh (310ms)
				TypeCache.ScanAssembly (280ms)
			ScanForSourceGeneratedMonoScriptInfo (2ms)
			ResolveRequiredComponents (4ms)
	FinalizeReload (956ms)
		ReleaseScriptCaches (0ms)
		RebuildScriptCaches (0ms)
		SetupLoadedEditorAssemblies (465ms)
			LogAssemblyErrors (0ms)
			InitializePlatformSupportModulesInManaged (42ms)
			SetLoadedEditorAssemblies (3ms)
			RefreshPlugins (0ms)
			BeforeProcessingInitializeOnLoad (63ms)
			ProcessInitializeOnLoadAttributes (341ms)
			ProcessInitializeOnLoadMethodAttributes (14ms)
			AfterProcessingInitializeOnLoad (1ms)
			EditorAssembliesLoaded (0ms)
		ExecutionOrderSort2 (0ms)
		AwakeInstancesAfterBackupRestoration (3ms)
Refreshing native plugins compatible for Editor in 0.88 ms, found 2 plugins.
Preloading 0 native plugins for Editor in 0.00 ms.
Unloading 3094 Unused Serialized files (Serialized files now loaded: 0)
Unloading 22 unused Assets / (30.6 KB). Loaded Objects now: 3620.
Memory consumption went from 136.4 MB to 136.4 MB.
Total: 3.629209 ms (FindLiveObjects: 0.142250 ms CreateObjectMapping: 0.055000 ms MarkObjects: 3.381291 ms  DeleteObjects: 0.050083 ms)

Prepare: number of updated asset objects reloaded= 0
AssetImportParameters requested are different than current active one (requested -> active):
  custom:container-demuxer-ogg: 62fdf1f143b41e24485cea50d1cbac27 -> 
  custom:video-decoder-ogg-theora: a1e56fd34408186e4bbccfd4996cb3dc -> 
  custom:CustomObjectIndexerAttribute: 756ad292c208cfabdd7b50bc23989ffe -> 
  custom:container-demuxer-webm: 4f35f7cbe854078d1ac9338744f61a02 -> 
  custom:container-muxer-webm: aa71ff27fc2769a1b78a27578f13a17b -> 
  custom:video-decoder-webm-vp8: 9c59270c3fd7afecdb556c50c9e8de78 -> 
  custom:SearchIndexIgnoredProperties: e643bd26f0fe6173181afceb89e7c659 -> 
  custom:AudioImporter_EditorPlatform: 3918e3fc78b5a79bad01e8451be0beb8 -> 
  custom:framework-osx-AVFoundation: e770b220cccbd017edd2c1fefb359320 -> 
  custom:video-encoder-webm-vp8: eb34c28f22e8b96e1ab97ce403110664 -> 
  custom:audio-decoder-ogg-vorbis: bf7c407c2cedff20999df2af8eb42d56 -> 
  custom:audio-encoder-webm-vorbis: bf7c407c2cedff20999df2af8eb42d56 -> 
========================================================================
Received Import Request.
  Time since last request: 77.612993 seconds.
  path: Assets/Sprites/feed.png
  artifactKey: Guid(f5d56164562c8455ab477ebbd8e82a8c) Importer(815301076,1909f56bfc062723c751e8b465ee728b)
Start importing Assets/Sprites/feed.png using Guid(f5d56164562c8455ab477ebbd8e82a8c) Importer(815301076,1909f56bfc062723c751e8b465ee728b)  -> (artifact id: '73210fdb28c46b0c1a79bb7e30290b87') in 0.045287 seconds
Number of updated asset objects reloaded before import = 0
Number of asset objects unloaded after import = 2
========================================================================
Received Import Request.
  Time since last request: 0.400664 seconds.
  path: Assets/Sprites/setting.png
  artifactKey: Guid(74afa3fc676d74047bb85bb9e0411fe3) Importer(815301076,1909f56bfc062723c751e8b465ee728b)
Start importing Assets/Sprites/setting.png using Guid(74afa3fc676d74047bb85bb9e0411fe3) Importer(815301076,1909f56bfc062723c751e8b465ee728b)  -> (artifact id: 'a3175820c19a3da0bf4f5124681402b1') in 0.026666 seconds
Number of updated asset objects reloaded before import = 0
Number of asset objects unloaded after import = 3
========================================================================
Received Import Request.
  Time since last request: 112.368775 seconds.
  path: Assets/Sprites/bar.png
  artifactKey: Guid(6e22d5133775141f6a10d3d3fa5cde1a) Importer(815301076,1909f56bfc062723c751e8b465ee728b)
Start importing Assets/Sprites/bar.png using Guid(6e22d5133775141f6a10d3d3fa5cde1a) Importer(815301076,1909f56bfc062723c751e8b465ee728b)  -> (artifact id: 'e94fbf180dbfe69ab515e8fa92eda0ad') in 0.093215 seconds
Number of updated asset objects reloaded before import = 0
Number of asset objects unloaded after import = 6
========================================================================
Received Import Request.
  Time since last request: 7.871281 seconds.
  path: Assets/Sprites/animals.png
  artifactKey: Guid(f83a2aa477671471fa819c0f2bd497cf) Importer(815301076,1909f56bfc062723c751e8b465ee728b)
Start importing Assets/Sprites/animals.png using Guid(f83a2aa477671471fa819c0f2bd497cf) Importer(815301076,1909f56bfc062723c751e8b465ee728b)  -> (artifact id: 'cb9206a9dd4be94ae0986121ad56a475') in 0.010022 seconds
Number of updated asset objects reloaded before import = 0
Number of asset objects unloaded after import = 2
========================================================================
Received Import Request.
  Time since last request: 0.000176 seconds.
  path: Assets/Sprites/sleep.png
  artifactKey: Guid(e2a3e4d3e14e646d5b1761ee31f19240) Importer(815301076,1909f56bfc062723c751e8b465ee728b)
Start importing Assets/Sprites/sleep.png using Guid(e2a3e4d3e14e646d5b1761ee31f19240) Importer(815301076,1909f56bfc062723c751e8b465ee728b)  -> (artifact id: 'd36c2c1ef4c99d12874628df2f17c653') in 0.014902 seconds
Number of updated asset objects reloaded before import = 0
Number of asset objects unloaded after import = 3
========================================================================
Received Import Request.
  Time since last request: 558.784322 seconds.
  path: Assets/Sprites/shop.png
  artifactKey: Guid(72e3c8314a3c84faa9c566e93c370dbf) Importer(815301076,1909f56bfc062723c751e8b465ee728b)
Start importing Assets/Sprites/shop.png using Guid(72e3c8314a3c84faa9c566e93c370dbf) Importer(815301076,1909f56bfc062723c751e8b465ee728b)  -> (artifact id: 'b226fe0554cd81e534e48313bfe50fef') in 0.069213 seconds
Number of updated asset objects reloaded before import = 0
Number of asset objects unloaded after import = 3
========================================================================
Received Import Request.
  Time since last request: 67.902620 seconds.
  path: Assets/Sprites/site.png
  artifactKey: Guid(7866ce8befbf047de94276beda647a31) Importer(815301076,1909f56bfc062723c751e8b465ee728b)
Start importing Assets/Sprites/site.png using Guid(7866ce8befbf047de94276beda647a31) Importer(815301076,1909f56bfc062723c751e8b465ee728b)  -> (artifact id: '9b693a14dad9fd135893f7df154e0086') in 0.068804 seconds
Number of updated asset objects reloaded before import = 0
Number of asset objects unloaded after import = 3
========================================================================
Received Import Request.
  Time since last request: 86.566219 seconds.
  path: Assets/Sprites/feed.png
  artifactKey: Guid(f5d56164562c8455ab477ebbd8e82a8c) Importer(815301076,1909f56bfc062723c751e8b465ee728b)
Start importing Assets/Sprites/feed.png using Guid(f5d56164562c8455ab477ebbd8e82a8c) Importer(815301076,1909f56bfc062723c751e8b465ee728b)  -> (artifact id: 'df00e61ca254d423632303111a3e2286') in 0.060192 seconds
Number of updated asset objects reloaded before import = 0
Number of asset objects unloaded after import = 2
========================================================================
Received Import Request.
  Time since last request: 82.123370 seconds.
  path: Assets/Sprites/feed.png
  artifactKey: Guid(f5d56164562c8455ab477ebbd8e82a8c) Importer(815301076,1909f56bfc062723c751e8b465ee728b)
Start importing Assets/Sprites/feed.png using Guid(f5d56164562c8455ab477ebbd8e82a8c) Importer(815301076,1909f56bfc062723c751e8b465ee728b)  -> (artifact id: '03f4f5093651da08340f350ff6f10da5') in 0.097413 seconds
Number of updated asset objects reloaded before import = 0
Number of asset objects unloaded after import = 5
[usbmuxd] Detached: 3 00008030-0015702022EA802E
========================================================================
Received Import Request.
  Time since last request: 522.071436 seconds.
  path: Assets/Scenes/ShopScene.unity
  artifactKey: Guid(0eb7d45c78e2448b5a0da566821de24a) Importer(815301076,1909f56bfc062723c751e8b465ee728b)
Start importing Assets/Scenes/ShopScene.unity using Guid(0eb7d45c78e2448b5a0da566821de24a) Importer(815301076,1909f56bfc062723c751e8b465ee728b)  -> (artifact id: '7787439159e894aa8c1c3496d0f708ef') in 0.017962 seconds
Number of updated asset objects reloaded before import = 0
Number of asset objects unloaded after import = 0
========================================================================
Received Import Request.
  Time since last request: 74.715725 seconds.
  path: Assets/Sprites/animalcard.png
  artifactKey: Guid(5f83db5f80de34aed966c66c7d2b8af8) Importer(815301076,1909f56bfc062723c751e8b465ee728b)
Start importing Assets/Sprites/animalcard.png using Guid(5f83db5f80de34aed966c66c7d2b8af8) Importer(815301076,1909f56bfc062723c751e8b465ee728b)  -> (artifact id: '14be607beae3c13550ad3532cef995ba') in 0.077241 seconds
Number of updated asset objects reloaded before import = 0
Number of asset objects unloaded after import = 2
========================================================================
Received Import Request.
  Time since last request: 4.678644 seconds.
  path: Assets/Sprites/animalcard.png
  artifactKey: Guid(5f83db5f80de34aed966c66c7d2b8af8) Importer(815301076,1909f56bfc062723c751e8b465ee728b)
Start importing Assets/Sprites/animalcard.png using Guid(5f83db5f80de34aed966c66c7d2b8af8) Importer(815301076,1909f56bfc062723c751e8b465ee728b)  -> (artifact id: '43be056963da11180c9c70be8b17e437') in 0.029869 seconds
Number of updated asset objects reloaded before import = 0
Number of asset objects unloaded after import = 5
========================================================================
Received Import Request.
  Time since last request: 454.850728 seconds.
  path: Assets/Sprites/back.png
  artifactKey: Guid(51c43ab1b6be041f7a1769aa57aeaa86) Importer(815301076,1909f56bfc062723c751e8b465ee728b)
Start importing Assets/Sprites/back.png using Guid(51c43ab1b6be041f7a1769aa57aeaa86) Importer(815301076,1909f56bfc062723c751e8b465ee728b)  -> (artifact id: 'fbc99552eca5f6e52a68a68e71bc2b9c') in 0.087702 seconds
Number of updated asset objects reloaded before import = 0
Number of asset objects unloaded after import = 3
========================================================================
Received Import Request.
  Time since last request: 114.487099 seconds.
  path: Assets/Scenes/SiteScene.unity
  artifactKey: Guid(9feb25b3d02744a9a8819bf42c986500) Importer(815301076,1909f56bfc062723c751e8b465ee728b)
Start importing Assets/Scenes/SiteScene.unity using Guid(9feb25b3d02744a9a8819bf42c986500) Importer(815301076,1909f56bfc062723c751e8b465ee728b)  -> (artifact id: 'b30d70dbb681ce060ad275de2f4f5043') in 0.003513 seconds
Number of updated asset objects reloaded before import = 0
Number of asset objects unloaded after import = 0
========================================================================
Received Import Request.
  Time since last request: 2.317837 seconds.
  path: Assets/Scenes/ShopScene.unity
  artifactKey: Guid(0eb7d45c78e2448b5a0da566821de24a) Importer(815301076,1909f56bfc062723c751e8b465ee728b)
Start importing Assets/Scenes/ShopScene.unity using Guid(0eb7d45c78e2448b5a0da566821de24a) Importer(815301076,1909f56bfc062723c751e8b465ee728b)  -> (artifact id: '48d2a8797bf4087693fbf19f59deefd4') in 0.001367 seconds
Number of updated asset objects reloaded before import = 0
Number of asset objects unloaded after import = 0
========================================================================
Received Import Request.
  Time since last request: 98.844201 seconds.
  path: Assets/Scenes/MainScene.unity
  artifactKey: Guid(07e264979a8074d61abfaef0c32a4461) Importer(815301076,1909f56bfc062723c751e8b465ee728b)
Start importing Assets/Scenes/MainScene.unity using Guid(07e264979a8074d61abfaef0c32a4461) Importer(815301076,1909f56bfc062723c751e8b465ee728b)  -> (artifact id: '409f7adf1145f8f947cb004f427bc9b1') in 0.002332 seconds
Number of updated asset objects reloaded before import = 0
Number of asset objects unloaded after import = 0
========================================================================
Received Import Request.
  Time since last request: 6.563724 seconds.
  path: Assets/Scenes/SiteScene.unity
  artifactKey: Guid(9feb25b3d02744a9a8819bf42c986500) Importer(815301076,1909f56bfc062723c751e8b465ee728b)
Start importing Assets/Scenes/SiteScene.unity using Guid(9feb25b3d02744a9a8819bf42c986500) Importer(815301076,1909f56bfc062723c751e8b465ee728b)  -> (artifact id: '48c3b265e73c633db9a995ffcc2a3c70') in 0.000895 seconds
Number of updated asset objects reloaded before import = 0
Number of asset objects unloaded after import = 0
========================================================================
Received Import Request.
  Time since last request: 163.455007 seconds.
  path: Assets/Scenes/SiteScene.unity
  artifactKey: Guid(9feb25b3d02744a9a8819bf42c986500) Importer(815301076,1909f56bfc062723c751e8b465ee728b)
Start importing Assets/Scenes/SiteScene.unity using Guid(9feb25b3d02744a9a8819bf42c986500) Importer(815301076,1909f56bfc062723c751e8b465ee728b)  -> (artifact id: 'd12e1ae1424c1f0c55a9e4ec98906d37') in 0.002981 seconds
Number of updated asset objects reloaded before import = 0
Number of asset objects unloaded after import = 0
========================================================================
Received Import Request.
  Time since last request: 0.738612 seconds.
  path: Assets/Scenes/StartScene.unity
  artifactKey: Guid(9fc0d4010bbf28b4594072e72b8655ab) Importer(815301076,1909f56bfc062723c751e8b465ee728b)
Start importing Assets/Scenes/StartScene.unity using Guid(9fc0d4010bbf28b4594072e72b8655ab) Importer(815301076,1909f56bfc062723c751e8b465ee728b)  -> (artifact id: '98b837d9b9e47de10b46edb67a17cea5') in 0.001034 seconds
Number of updated asset objects reloaded before import = 0
Number of asset objects unloaded after import = 0
========================================================================
Received Import Request.
  Time since last request: 468.178360 seconds.
  path: Assets/Sprites/sf.png
  artifactKey: Guid(80339bdc519f3478e973cef3ba07a190) Importer(815301076,1909f56bfc062723c751e8b465ee728b)
Start importing Assets/Sprites/sf.png using Guid(80339bdc519f3478e973cef3ba07a190) Importer(815301076,1909f56bfc062723c751e8b465ee728b)  -> (artifact id: '42e7ad62096a9f5a071bfd204a92899c') in 0.149829 seconds
Number of updated asset objects reloaded before import = 0
Number of asset objects unloaded after import = 2
========================================================================
Received Import Request.
  Time since last request: 10.336112 seconds.
  path: Assets/Sprites/sf.png
  artifactKey: Guid(80339bdc519f3478e973cef3ba07a190) Importer(815301076,1909f56bfc062723c751e8b465ee728b)
Start importing Assets/Sprites/sf.png using Guid(80339bdc519f3478e973cef3ba07a190) Importer(815301076,1909f56bfc062723c751e8b465ee728b)  -> (artifact id: '277d1fb0c7628864f86ff1472399d4f0') in 0.064743 seconds
Number of updated asset objects reloaded before import = 0
Number of asset objects unloaded after import = 3
========================================================================
Received Import Request.
  Time since last request: 156.371350 seconds.
  path: Assets/Scenes/New Scene.unity
  artifactKey: Guid(706e0809ee94e4540a5f5e4ca6f279b3) Importer(815301076,1909f56bfc062723c751e8b465ee728b)
Start importing Assets/Scenes/New Scene.unity using Guid(706e0809ee94e4540a5f5e4ca6f279b3) Importer(815301076,1909f56bfc062723c751e8b465ee728b)  -> (artifact id: '3e20c42d450edd42fda1a2087ba50102') in 0.017278 seconds
Number of updated asset objects reloaded before import = 0
Number of asset objects unloaded after import = 0
========================================================================
Received Import Request.
  Time since last request: 6.909099 seconds.
  path: Assets/Scenes/MatingScene.unity
  artifactKey: Guid(706e0809ee94e4540a5f5e4ca6f279b3) Importer(815301076,1909f56bfc062723c751e8b465ee728b)
Start importing Assets/Scenes/MatingScene.unity using Guid(706e0809ee94e4540a5f5e4ca6f279b3) Importer(815301076,1909f56bfc062723c751e8b465ee728b)  -> (artifact id: '4433e1ca521c1dc76ea29af6c51ac237') in 0.000475 seconds
Number of updated asset objects reloaded before import = 0
Number of asset objects unloaded after import = 0
========================================================================
Received Import Request.
  Time since last request: 1055.617521 seconds.
  path: Assets/Sprites/eggs.png
  artifactKey: Guid(a6d1d9346545d41d2918ff994459547f) Importer(815301076,1909f56bfc062723c751e8b465ee728b)
Start importing Assets/Sprites/eggs.png using Guid(a6d1d9346545d41d2918ff994459547f) Importer(815301076,1909f56bfc062723c751e8b465ee728b)  -> (artifact id: 'd06b6d640a0ea468834c3a29b7ca4319') in 0.172864 seconds
Number of updated asset objects reloaded before import = 0
Number of asset objects unloaded after import = 2
========================================================================
Received Import Request.
  Time since last request: 9.992068 seconds.
  path: Assets/Sprites/eggs.png
  artifactKey: Guid(a6d1d9346545d41d2918ff994459547f) Importer(815301076,1909f56bfc062723c751e8b465ee728b)
Start importing Assets/Sprites/eggs.png using Guid(a6d1d9346545d41d2918ff994459547f) Importer(815301076,1909f56bfc062723c751e8b465ee728b)  -> (artifact id: '99e5de2f1a6c97583eb65f63f1dc790f') in 0.041514 seconds
Number of updated asset objects reloaded before import = 0
Number of asset objects unloaded after import = 2
========================================================================
Received Import Request.
  Time since last request: 78.102565 seconds.
  path: Assets/Sprites/eggs.png
  artifactKey: Guid(a6d1d9346545d41d2918ff994459547f) Importer(815301076,1909f56bfc062723c751e8b465ee728b)
Start importing Assets/Sprites/eggs.png using Guid(a6d1d9346545d41d2918ff994459547f) Importer(815301076,1909f56bfc062723c751e8b465ee728b)  -> (artifact id: 'e56a4763b3d3a52f426cb19f01756b12') in 0.121228 seconds
Number of updated asset objects reloaded before import = 0
Number of asset objects unloaded after import = 7
[usbmuxd] Attached: 4 00008030-0015702022EA802E
[usbmuxd] Detached: 4 00008030-0015702022EA802E
[usbmuxd] Attached: 5 00008030-0015702022EA802E
[usbmuxd] Detached: 5 00008030-0015702022EA802E
[usbmuxd] Attached: 6 00008030-0015702022EA802E
